Module for GCC (version 9.3.0) loaded.
Module for Open MPI (version 4.1.4) loaded.
[gcn1389:149657] *** An error occurred in MPI_Recv
[gcn1389:149657] *** reported by process [3021864961,1]
[gcn1389:149657] *** on communicator MPI_COMM_WORLD
[gcn1389:149657] *** MPI_ERR_COUNT: invalid count argument
[gcn1389:149657] *** MPI_ERRORS_ARE_FATAL (processes in this communicator will now abort,
[gcn1389:149657] ***    and potentially your MPI job)
[gcn1389:149650] 1 more process has sent help message help-mpi-errors.txt / mpi_errors_are_fatal
[gcn1389:149650] Set MCA parameter "orte_base_help_aggregate" to 0 to see all help / error messages
[gcn1389:152531] *** An error occurred in MPI_Send
[gcn1389:152531] *** reported by process [2940338177,0]
[gcn1389:152531] *** on communicator MPI_COMM_WORLD
[gcn1389:152531] *** MPI_ERR_COUNT: invalid count argument
[gcn1389:152531] *** MPI_ERRORS_ARE_FATAL (processes in this communicator will now abort,
[gcn1389:152531] ***    and potentially your MPI job)
[gcn1389:152526] 1 more process has sent help message help-mpi-errors.txt / mpi_errors_are_fatal
[gcn1389:152526] Set MCA parameter "orte_base_help_aggregate" to 0 to see all help / error messages
[gcn1389:162353] *** An error occurred in MPI_Recv
[gcn1389:162353] *** reported by process [2259025921,1]
[gcn1389:162353] *** on communicator MPI_COMM_WORLD
[gcn1389:162353] *** MPI_ERR_COUNT: invalid count argument
[gcn1389:162353] *** MPI_ERRORS_ARE_FATAL (processes in this communicator will now abort,
[gcn1389:162353] ***    and potentially your MPI job)
[gcn1389:162346] 1 more process has sent help message help-mpi-errors.txt / mpi_errors_are_fatal
[gcn1389:162346] Set MCA parameter "orte_base_help_aggregate" to 0 to see all help / error messages
