Module for GCC (version 9.3.0) loaded.
Module for Open MPI (version 4.1.4) loaded.
[gcn1090:63279] *** An error occurred in MPI_Send
[gcn1090:63279] *** reported by process [2542731265,0]
[gcn1090:63279] *** on communicator MPI_COMM_WORLD
[gcn1090:63279] *** MPI_ERR_COUNT: invalid count argument
[gcn1090:63279] *** MPI_ERRORS_ARE_FATAL (processes in this communicator will now abort,
[gcn1090:63279] ***    and potentially your MPI job)
[gcn1090:62597] 1 more process has sent help message help-mpi-errors.txt / mpi_errors_are_fatal
[gcn1090:62597] Set MCA parameter "orte_base_help_aggregate" to 0 to see all help / error messages
[gcn1090:71629] *** An error occurred in MPI_Recv
[gcn1090:71629] *** reported by process [1959526401,1]
[gcn1090:71629] *** on communicator MPI_COMM_WORLD
[gcn1090:71629] *** MPI_ERR_COUNT: invalid count argument
[gcn1090:71629] *** MPI_ERRORS_ARE_FATAL (processes in this communicator will now abort,
[gcn1090:71629] ***    and potentially your MPI job)
[gcn1090:71623] 1 more process has sent help message help-mpi-errors.txt / mpi_errors_are_fatal
[gcn1090:71623] Set MCA parameter "orte_base_help_aggregate" to 0 to see all help / error messages
[gcn1090:90584] *** An error occurred in MPI_Send
[gcn1090:90584] *** reported by process [48168961,0]
[gcn1090:90584] *** on communicator MPI_COMM_WORLD
[gcn1090:90584] *** MPI_ERR_COUNT: invalid count argument
[gcn1090:90584] *** MPI_ERRORS_ARE_FATAL (processes in this communicator will now abort,
[gcn1090:90584] ***    and potentially your MPI job)
[gcn1090:90580] 1 more process has sent help message help-mpi-errors.txt / mpi_errors_are_fatal
[gcn1090:90580] Set MCA parameter "orte_base_help_aggregate" to 0 to see all help / error messages
