Module for Intel oneAPI Toolkits (version 2022 Update 2) loaded.
Module for Open MPI with Intel compiler support (version 4.1.4) loaded.
[gfn2006:392317] *** An error occurred in MPI_Send
[gfn2006:392317] *** reported by process [1271857153,0]
[gfn2006:392317] *** on communicator MPI_COMM_WORLD
[gfn2006:392317] *** MPI_ERR_COUNT: invalid count argument
[gfn2006:392317] *** MPI_ERRORS_ARE_FATAL (processes in this communicator will now abort,
[gfn2006:392317] ***    and potentially your MPI job)
[gfn2006:392291] 1 more process has sent help message help-mpi-errors.txt / mpi_errors_are_fatal
[gfn2006:392291] Set MCA parameter "orte_base_help_aggregate" to 0 to see all help / error messages
[gfn2006:396739] *** An error occurred in MPI_Send
[gfn2006:396739] *** reported by process [3121348609,0]
[gfn2006:396739] *** on communicator MPI_COMM_WORLD
[gfn2006:396739] *** MPI_ERR_COUNT: invalid count argument
[gfn2006:396739] *** MPI_ERRORS_ARE_FATAL (processes in this communicator will now abort,
[gfn2006:396739] ***    and potentially your MPI job)
[gfn2006:396707] 1 more process has sent help message help-mpi-errors.txt / mpi_errors_are_fatal
[gfn2006:396707] Set MCA parameter "orte_base_help_aggregate" to 0 to see all help / error messages
[gfn2006:412726] *** An error occurred in MPI_Send
[gfn2006:412726] *** reported by process [4223008769,0]
[gfn2006:412726] *** on communicator MPI_COMM_WORLD
[gfn2006:412726] *** MPI_ERR_COUNT: invalid count argument
[gfn2006:412726] *** MPI_ERRORS_ARE_FATAL (processes in this communicator will now abort,
[gfn2006:412726] ***    and potentially your MPI job)
[gfn2006:412697] 1 more process has sent help message help-mpi-errors.txt / mpi_errors_are_fatal
[gfn2006:412697] Set MCA parameter "orte_base_help_aggregate" to 0 to see all help / error messages
