Module for GCC (version 9.3.0) loaded.
Module for Open MPI (version 4.1.4) loaded.
[gfn2006:647190] *** An error occurred in MPI_Send
[gfn2006:647190] *** reported by process [1750859777,0]
[gfn2006:647190] *** on communicator MPI_COMM_WORLD
[gfn2006:647190] *** MPI_ERR_COUNT: invalid count argument
[gfn2006:647190] *** MPI_ERRORS_ARE_FATAL (processes in this communicator will now abort,
[gfn2006:647190] ***    and potentially your MPI job)
[gfn2006:647164] 1 more process has sent help message help-mpi-errors.txt / mpi_errors_are_fatal
[gfn2006:647164] Set MCA parameter "orte_base_help_aggregate" to 0 to see all help / error messages
[gfn2006:648480] *** An error occurred in MPI_Send
[gfn2006:648480] *** reported by process [1386348545,0]
[gfn2006:648480] *** on communicator MPI_COMM_WORLD
[gfn2006:648480] *** MPI_ERR_COUNT: invalid count argument
[gfn2006:648480] *** MPI_ERRORS_ARE_FATAL (processes in this communicator will now abort,
[gfn2006:648480] ***    and potentially your MPI job)
[gfn2006:648450] 1 more process has sent help message help-mpi-errors.txt / mpi_errors_are_fatal
[gfn2006:648450] Set MCA parameter "orte_base_help_aggregate" to 0 to see all help / error messages
[gfn2006:652718] *** An error occurred in MPI_Send
[gfn2006:652718] *** reported by process [1121714177,0]
[gfn2006:652718] *** on communicator MPI_COMM_WORLD
[gfn2006:652718] *** MPI_ERR_COUNT: invalid count argument
[gfn2006:652718] *** MPI_ERRORS_ARE_FATAL (processes in this communicator will now abort,
[gfn2006:652718] ***    and potentially your MPI job)
[gfn2006:652668] 1 more process has sent help message help-mpi-errors.txt / mpi_errors_are_fatal
[gfn2006:652668] Set MCA parameter "orte_base_help_aggregate" to 0 to see all help / error messages
