Module for GCC (version 9.3.0) loaded.
Module for Open MPI (version 4.1.4) loaded.
[gfn2005:564231] *** An error occurred in MPI_Send
[gfn2005:564231] *** reported by process [4279762945,0]
[gfn2005:564231] *** on communicator MPI_COMM_WORLD
[gfn2005:564231] *** MPI_ERR_COUNT: invalid count argument
[gfn2005:564231] *** MPI_ERRORS_ARE_FATAL (processes in this communicator will now abort,
[gfn2005:564231] ***    and potentially your MPI job)
[gfn2005:564210] 1 more process has sent help message help-mpi-errors.txt / mpi_errors_are_fatal
[gfn2005:564210] Set MCA parameter "orte_base_help_aggregate" to 0 to see all help / error messages
[gfn2005:569149] *** An error occurred in MPI_Send
[gfn2005:569149] *** reported by process [3419013121,0]
[gfn2005:569149] *** on communicator MPI_COMM_WORLD
[gfn2005:569149] *** MPI_ERR_COUNT: invalid count argument
[gfn2005:569149] *** MPI_ERRORS_ARE_FATAL (processes in this communicator will now abort,
[gfn2005:569149] ***    and potentially your MPI job)
[gfn2005:569120] 1 more process has sent help message help-mpi-errors.txt / mpi_errors_are_fatal
[gfn2005:569120] Set MCA parameter "orte_base_help_aggregate" to 0 to see all help / error messages
[gfn2005:586245] *** An error occurred in MPI_Send
[gfn2005:586245] *** reported by process [2499936257,0]
[gfn2005:586245] *** on communicator MPI_COMM_WORLD
[gfn2005:586245] *** MPI_ERR_COUNT: invalid count argument
[gfn2005:586245] *** MPI_ERRORS_ARE_FATAL (processes in this communicator will now abort,
[gfn2005:586245] ***    and potentially your MPI job)
[gfn2005:586216] 1 more process has sent help message help-mpi-errors.txt / mpi_errors_are_fatal
[gfn2005:586216] Set MCA parameter "orte_base_help_aggregate" to 0 to see all help / error messages
