================================================================================
JobID = 5703667
User = gzextschak, Account = gzextschak
Partition = standard96, Nodelist = gfn2010
================================================================================
parse_arguments function
 -- checking Flags for data Transfer pattern
 -- creating the (base,power) pairs
 ----- Data Packet for base:2^ power:36
parse_arguments function
 -- checking Flags for data Transfer pattern
 -- creating the (base,power) pairs
 ----- Data Packet for base:2^ power:36
procId: 0 ----> Sequentially Executed Functions
 ------ generateNumberArray -> combineArrays -> selectionSort
 ------ The combined length of sorted array: 36
procId: 1 ----> Sequentially Executed Functions
 ------ generateNumberArray -> combineArrays -> selectionSort
 ------ The combined length of sorted array: 36


 ======================== outterLoop - 1 ==========================


 ======================== outterLoop - 1 ==========================
 - case of asymmetrictity 
 - case of asymmetrictity 
 ---- csv created - transferCase: A2B, procID: 1, 
 ------ Completed - transfercase: A2B, procID: 1 ------ 
 ---- csv created - transferCase: A2B, procID: 0, 
 ------ Completed - transfercase: A2B, procID: 0 ------ 
 ---- csv created - transferCase: B2A, procID: 0, 
 ------ Completed - transfercase: B2A, procID: 0 ------ 
 ---- csv created - transferCase: B2A, procID: 1, 
 ------ Completed - transfercase: B2A, procID: 1 ------ 




 ======================== outterLoop - 2 ==========================
 - case of asymmetrictity 
 ======================== outterLoop - 2 ==========================
 - case of asymmetrictity 
 ---- csv created - transferCase: A2B, procID: 1, 
 ------ Completed - transfercase: A2B, procID: 1 ------ 
 ---- csv created - transferCase: A2B, procID: 0, 
 ------ Completed - transfercase: A2B, procID: 0 ------ 
 ---- csv created - transferCase: B2A, procID: 1, 
 ------ Completed - transfercase: B2A, procID: 1 ------ 
 ---- csv created - transferCase: B2A, procID: 0, 
 ------ Completed - transfercase: B2A, procID: 0 ------ 


 ======================== outterLoop - 3 ==========================


 ======================== outterLoop - 3 ==========================
 - case of asymmetrictity 
 - case of asymmetrictity 
 ---- csv created - transferCase: A2B, procID: 0, 
 ------ Completed - transfercase: A2B, procID: 0 ------ 
 ---- csv created - transferCase: A2B, procID: 1, 
 ------ Completed - transfercase: A2B, procID: 1 ------ 
 ---- csv created - transferCase: B2A, procID: 1, 
 ------ Completed - transfercase: B2A, procID: 1 ------ 
 ---- csv created - transferCase: B2A, procID: 0, 
 ------ Completed - transfercase: B2A, procID: 0 ------ 


 ======================== outterLoop - 4 ==========================
 - case of asymmetrictity 


 ======================== outterLoop - 4 ==========================
 - case of asymmetrictity 
 ---- csv created - transferCase: A2B, procID: 0, 
 ------ Completed - transfercase: A2B, procID: 0 ------ 
 ---- csv created - transferCase: A2B, procID: 1, 
 ------ Completed - transfercase: A2B, procID: 1 ------ 
 ---- csv created - transferCase: B2A, procID: 1, 
 ------ Completed - transfercase: B2A, procID: 1 ------ 
 ---- csv created - transferCase: B2A, procID: 0, 
 ------ Completed - transfercase: B2A, procID: 0 ------ 


 ======================== outterLoop - 5 ==========================
 - case of asymmetrictity 


 ======================== outterLoop - 5 ==========================
 - case of asymmetrictity 
 ---- csv created - transferCase: A2B, procID: 1, 
 ------ Completed - transfercase: A2B, procID: 1 ------ 
 ---- csv created - transferCase: A2B, procID: 0, 
 ------ Completed - transfercase: A2B, procID: 0 ------ 
 ---- csv created - transferCase: B2A, procID: 1, 
 ------ Completed - transfercase: B2A, procID: 1 ------ 
 ---- csv created - transferCase: B2A, procID: 0, 
 ------ Completed - transfercase: B2A, procID: 0 ------ 


 ======================== outterLoop - 6 ==========================
 - case of asymmetrictity 


 ======================== outterLoop - 6 ==========================
 - case of asymmetrictity 
 ---- csv created - transferCase: A2B, procID: 0, 
 ------ Completed - transfercase: A2B, procID: 0 ------ 
 ---- csv created - transferCase: A2B, procID: 1, 
 ------ Completed - transfercase: A2B, procID: 1 ------ 
 ---- csv created - transferCase: B2A, procID: 1, 
 ------ Completed - transfercase: B2A, procID: 1 ------ 
 ---- csv created - transferCase: B2A, procID: 0, 
 ------ Completed - transfercase: B2A, procID: 0 ------ 


 ======================== outterLoop - 7 ==========================
 - case of asymmetrictity 


 ======================== outterLoop - 7 ==========================
 - case of asymmetrictity 
 ---- csv created - transferCase: A2B, procID: 0, 
 ------ Completed - transfercase: A2B, procID: 0 ------ 
 ---- csv created - transferCase: A2B, procID: 1, 
 ------ Completed - transfercase: A2B, procID: 1 ------ 
 ---- csv created - transferCase: B2A, procID: 1, 
 ------ Completed - transfercase: B2A, procID: 1 ------ 
 ---- csv created - transferCase: B2A, procID: 0, 
 ------ Completed - transfercase: B2A, procID: 0 ------ 


 ======================== outterLoop - 8 ==========================


 ======================== outterLoop - 8 ==========================
 - case of asymmetrictity 
 - case of asymmetrictity 
 ---- csv created - transferCase: A2B, procID: 0, 
 ------ Completed - transfercase: A2B, procID: 0 ------ 
 ---- csv created - transferCase: A2B, procID: 1, 
 ------ Completed - transfercase: A2B, procID: 1 ------ 
 ---- csv created - transferCase: B2A, procID: 0, 
 ------ Completed - transfercase: B2A, procID: 0 ------ 
 ---- csv created - transferCase: B2A, procID: 1, 
 ------ Completed - transfercase: B2A, procID: 1 ------ 


 ======================== outterLoop - 9 ==========================


 ======================== outterLoop - 9 ==========================
 - case of asymmetrictity 
 - case of asymmetrictity 
 ---- csv created - transferCase: A2B, procID: 0, 
 ------ Completed - transfercase: A2B, procID: 0 ------ 
 ---- csv created - transferCase: A2B, procID: 1, 
 ------ Completed - transfercase: A2B, procID: 1 ------ 
 ---- csv created - transferCase: B2A, procID: 1, 
 ------ Completed - transfercase: B2A, procID: 1 ------ 
 ---- csv created - transferCase: B2A, procID: 0, 
 ------ Completed - transfercase: B2A, procID: 0 ------ 


 ======================== outterLoop - 10 ==========================
 - case of asymmetrictity 


 ======================== outterLoop - 10 ==========================
 - case of asymmetrictity 
 ---- csv created - transferCase: A2B, procID: 0, 
 ------ Completed - transfercase: A2B, procID: 0 ------ 
 ---- csv created - transferCase: A2B, procID: 1, 
 ------ Completed - transfercase: A2B, procID: 1 ------ 
 ---- csv created - transferCase: B2A, procID: 0, 
 ------ Completed - transfercase: B2A, procID: 0 ------ 
 ---- csv created - transferCase: B2A, procID: 1, 
 ------ Completed - transfercase: B2A, procID: 1 ------ 


 ======================== outterLoop - 11 ==========================


 ======================== outterLoop - 11 ==========================
 - case of asymmetrictity 
 - case of asymmetrictity 
 ---- csv created - transferCase: A2B, procID: 1, 
 ------ Completed - transfercase: A2B, procID: 1 ------ 
 ---- csv created - transferCase: A2B, procID: 0, 
 ------ Completed - transfercase: A2B, procID: 0 ------ 
 ---- csv created - transferCase: B2A, procID: 1, 
 ------ Completed - transfercase: B2A, procID: 1 ------ 
 ---- csv created - transferCase: B2A, procID: 0, 
 ------ Completed - transfercase: B2A, procID: 0 ------ 


 ======================== outterLoop - 12 ==========================


 ======================== outterLoop - 12 ==========================
 - case of asymmetrictity 
 - case of asymmetrictity 
 ---- csv created - transferCase: A2B, procID: 0, 
 ------ Completed - transfercase: A2B, procID: 0 ------ 
 ---- csv created - transferCase: A2B, procID: 1, 
 ------ Completed - transfercase: A2B, procID: 1 ------ 
 ---- csv created - transferCase: B2A, procID: 1, 
 ------ Completed - transfercase: B2A, procID: 1 ------ 
 ---- csv created - transferCase: B2A, procID: 0, 
 ------ Completed - transfercase: B2A, procID: 0 ------ 


 ======================== outterLoop - 13 ==========================


 ======================== outterLoop - 13 ==========================
 - case of asymmetrictity 
 - case of asymmetrictity 
 ---- csv created - transferCase: A2B, procID: 1, 
 ------ Completed - transfercase: A2B, procID: 1 ------ 
 ---- csv created - transferCase: A2B, procID: 0, 
 ------ Completed - transfercase: A2B, procID: 0 ------ 
 ---- csv created - transferCase: B2A, procID: 1, 
 ------ Completed - transfercase: B2A, procID: 1 ------ 
 ---- csv created - transferCase: B2A, procID: 0, 
 ------ Completed - transfercase: B2A, procID: 0 ------ 


 ======================== outterLoop - 14 ==========================


 ======================== outterLoop - 14 ==========================
 - case of asymmetrictity 
 - case of asymmetrictity 
 ---- csv created - transferCase: A2B, procID: 0, 
 ------ Completed - transfercase: A2B, procID: 0 ------ 
 ---- csv created - transferCase: A2B, procID: 1, 
 ------ Completed - transfercase: A2B, procID: 1 ------ 
 ---- csv created - transferCase: B2A, procID: 1, 
 ------ Completed - transfercase: B2A, procID: 1 ------ 
 ---- csv created - transferCase: B2A, procID: 0, 
 ------ Completed - transfercase: B2A, procID: 0 ------ 


 ======================== outterLoop - 15 ==========================


 ======================== outterLoop - 15 ==========================
 - case of asymmetrictity 
 - case of asymmetrictity 
 ---- csv created - transferCase: A2B, procID: 0, 
 ------ Completed - transfercase: A2B, procID: 0 ------ 
 ---- csv created - transferCase: A2B, procID: 1, 
 ------ Completed - transfercase: A2B, procID: 1 ------ 
 ---- csv created - transferCase: B2A, procID: 1, 
 ------ Completed - transfercase: B2A, procID: 1 ------ 
 ---- csv created - transferCase: B2A, procID: 0, 
 ------ Completed - transfercase: B2A, procID: 0 ------ 


 ======================== outterLoop - 16 ==========================


 ======================== outterLoop - 16 ==========================
 - case of asymmetrictity 
 - case of asymmetrictity 
 ---- csv created - transferCase: A2B, procID: 1, 
 ------ Completed - transfercase: A2B, procID: 1 ------ 
 ---- csv created - transferCase: A2B, procID: 0, 
 ------ Completed - transfercase: A2B, procID: 0 ------ 
 ---- csv created - transferCase: B2A, procID: 0, 
 ------ Completed - transfercase: B2A, procID: 0 ------ 
 ---- csv created - transferCase: B2A, procID: 1, 
 ------ Completed - transfercase: B2A, procID: 1 ------ 


 ======================== outterLoop - 17 ==========================
 - case of asymmetrictity 


 ======================== outterLoop - 17 ==========================
 - case of asymmetrictity 
 ---- csv created - transferCase: A2B, procID: 1, 
 ------ Completed - transfercase: A2B, procID: 1 ------ 
 ---- csv created - transferCase: A2B, procID: 0, 
 ------ Completed - transfercase: A2B, procID: 0 ------ 
 ---- csv created - transferCase: B2A, procID: 1, 
 ------ Completed - transfercase: B2A, procID: 1 ------ 
 ---- csv created - transferCase: B2A, procID: 0, 
 ------ Completed - transfercase: B2A, procID: 0 ------ 


 ======================== outterLoop - 18 ==========================


 ======================== outterLoop - 18 ==========================
 - case of asymmetrictity 
 - case of asymmetrictity 
 ---- csv created - transferCase: A2B, procID: 1, 
 ------ Completed - transfercase: A2B, procID: 1 ------ 
 ---- csv created - transferCase: A2B, procID: 0, 
 ------ Completed - transfercase: A2B, procID: 0 ------ 
 ---- csv created - transferCase: B2A, procID: 0, 
 ------ Completed - transfercase: B2A, procID: 0 ------ 
 ---- csv created - transferCase: B2A, procID: 1, 
 ------ Completed - transfercase: B2A, procID: 1 ------ 


 ======================== outterLoop - 19 ==========================


 ======================== outterLoop - 19 ==========================
 - case of asymmetrictity 
 - case of asymmetrictity 
 ---- csv created - transferCase: A2B, procID: 1, 
 ------ Completed - transfercase: A2B, procID: 1 ------ 
 ---- csv created - transferCase: A2B, procID: 0, 
 ------ Completed - transfercase: A2B, procID: 0 ------ 
 ---- csv created - transferCase: B2A, procID: 1, 
 ------ Completed - transfercase: B2A, procID: 1 ------ 
 ---- csv created - transferCase: B2A, procID: 0, 
 ------ Completed - transfercase: B2A, procID: 0 ------ 


 ======================== outterLoop - 20 ==========================
 - case of asymmetrictity 


 ======================== outterLoop - 20 ==========================
 - case of asymmetrictity 
 ---- csv created - transferCase: A2B, procID: 1, 
 ------ Completed - transfercase: A2B, procID: 1 ------ 
 ---- csv created - transferCase: A2B, procID: 0, 
 ------ Completed - transfercase: A2B, procID: 0 ------ 
 ---- csv created - transferCase: B2A, procID: 1, 
 ------ Completed - transfercase: B2A, procID: 1 ------ 
 ---- csv created - transferCase: B2A, procID: 0, 
 ------ Completed - transfercase: B2A, procID: 0 ------ 


 ======================== outterLoop - 21 ==========================


 ======================== outterLoop - 21 ==========================
 - case of asymmetrictity 
 - case of asymmetrictity 
 ---- csv created - transferCase: A2B, procID: 1, 
 ------ Completed - transfercase: A2B, procID: 1 ------ 
 ---- csv created - transferCase: A2B, procID: 0, 
 ------ Completed - transfercase: A2B, procID: 0 ------ 
 ---- csv created - transferCase: B2A, procID: 1, 
 ------ Completed - transfercase: B2A, procID: 1 ------ 
 ---- csv created - transferCase: B2A, procID: 0, 
 ------ Completed - transfercase: B2A, procID: 0 ------ 


 ======================== outterLoop - 22 ==========================


 ======================== outterLoop - 22 ==========================
 - case of asymmetrictity 
 - case of asymmetrictity 
 ---- csv created - transferCase: A2B, procID: 1, 
 ------ Completed - transfercase: A2B, procID: 1 ------ 
 ---- csv created - transferCase: A2B, procID: 0, 
 ------ Completed - transfercase: A2B, procID: 0 ------ 
 ---- csv created - transferCase: B2A, procID: 1, 
 ------ Completed - transfercase: B2A, procID: 1 ------ 
 ---- csv created - transferCase: B2A, procID: 0, 
 ------ Completed - transfercase: B2A, procID: 0 ------ 


 ======================== outterLoop - 23 ==========================


 ======================== outterLoop - 23 ==========================
 - case of asymmetrictity 
 - case of asymmetrictity 
 ---- csv created - transferCase: A2B, procID: 1, 
 ------ Completed - transfercase: A2B, procID: 1 ------ 
 ---- csv created - transferCase: A2B, procID: 0, 
 ------ Completed - transfercase: A2B, procID: 0 ------ 
 ---- csv created - transferCase: B2A, procID: 1, 
 ------ Completed - transfercase: B2A, procID: 1 ------ 
 ---- csv created - transferCase: B2A, procID: 0, 
 ------ Completed - transfercase: B2A, procID: 0 ------ 


 ======================== outterLoop - 24 ==========================
 - case of asymmetrictity 


 ======================== outterLoop - 24 ==========================
 - case of asymmetrictity 
 ---- csv created - transferCase: A2B, procID: 1, 
 ------ Completed - transfercase: A2B, procID: 1 ------ 
 ---- csv created - transferCase: A2B, procID: 0, 
 ------ Completed - transfercase: A2B, procID: 0 ------ 
 ---- csv created - transferCase: B2A, procID: 1, 
 ------ Completed - transfercase: B2A, procID: 1 ------ 
 ---- csv created - transferCase: B2A, procID: 0, 
 ------ Completed - transfercase: B2A, procID: 0 ------ 


 ======================== outterLoop - 25 ==========================
 - case of asymmetrictity 


 ======================== outterLoop - 25 ==========================
 - case of asymmetrictity 
 ---- csv created - transferCase: A2B, procID: 1, 
 ------ Completed - transfercase: A2B, procID: 1 ------ 
 ---- csv created - transferCase: A2B, procID: 0, 
 ------ Completed - transfercase: A2B, procID: 0 ------ 
 ---- csv created - transferCase: B2A, procID: 0, 
 ------ Completed - transfercase: B2A, procID: 0 ------ 
 ---- csv created - transferCase: B2A, procID: 1, 
 ------ Completed - transfercase: B2A, procID: 1 ------ 


 ======================== outterLoop - 26 ==========================
 - case of asymmetrictity 


 ======================== outterLoop - 26 ==========================
 - case of asymmetrictity 
 ---- csv created - transferCase: A2B, procID: 1, 
 ------ Completed - transfercase: A2B, procID: 1 ------ 
 ---- csv created - transferCase: A2B, procID: 0, 
 ------ Completed - transfercase: A2B, procID: 0 ------ 
 ---- csv created - transferCase: B2A, procID: 1, 
 ------ Completed - transfercase: B2A, procID: 1 ------ 
 ---- csv created - transferCase: B2A, procID: 0, 
 ------ Completed - transfercase: B2A, procID: 0 ------ 


 ======================== outterLoop - 27 ==========================
 - case of asymmetrictity 


 ======================== outterLoop - 27 ==========================
 - case of asymmetrictity 
 ---- csv created - transferCase: A2B, procID: 0, 
 ------ Completed - transfercase: A2B, procID: 0 ------ 
 ---- csv created - transferCase: A2B, procID: 1, 
 ------ Completed - transfercase: A2B, procID: 1 ------ 
 ---- csv created - transferCase: B2A, procID: 1, 
 ------ Completed - transfercase: B2A, procID: 1 ------ 
 ---- csv created - transferCase: B2A, procID: 0, 
 ------ Completed - transfercase: B2A, procID: 0 ------ 


 ======================== outterLoop - 28 ==========================
 - case of asymmetrictity 


 ======================== outterLoop - 28 ==========================
 - case of asymmetrictity 
 ---- csv created - transferCase: A2B, procID: 0, 
 ------ Completed - transfercase: A2B, procID: 0 ------ 
 ---- csv created - transferCase: A2B, procID: 1, 
 ------ Completed - transfercase: A2B, procID: 1 ------ 
 ---- csv created - transferCase: B2A, procID: 0, 
 ------ Completed - transfercase: B2A, procID: 0 ------ 
 ---- csv created - transferCase: B2A, procID: 1, 
 ------ Completed - transfercase: B2A, procID: 1 ------ 


 ======================== outterLoop - 29 ==========================
 - case of asymmetrictity 


 ======================== outterLoop - 29 ==========================
 - case of asymmetrictity 
 ---- csv created - transferCase: A2B, procID: 0, 
 ------ Completed - transfercase: A2B, procID: 0 ------ 
 ---- csv created - transferCase: A2B, procID: 1, 
 ------ Completed - transfercase: A2B, procID: 1 ------ 
 ---- csv created - transferCase: B2A, procID: 0, 
 ------ Completed - transfercase: B2A, procID: 0 ------ 
 ---- csv created - transferCase: B2A, procID: 1, 
 ------ Completed - transfercase: B2A, procID: 1 ------ 


 ======================== outterLoop - 30 ==========================
 - case of asymmetrictity 


 ======================== outterLoop - 30 ==========================
 - case of asymmetrictity 
 ---- csv created - transferCase: A2B, procID: 1, 
 ------ Completed - transfercase: A2B, procID: 1 ------ 
 ---- csv created - transferCase: A2B, procID: 0, 
 ------ Completed - transfercase: A2B, procID: 0 ------ 
 ---- csv created - transferCase: B2A, procID: 0, 
 ------ Completed - transfercase: B2A, procID: 0 ------ 
 ---- csv created - transferCase: B2A, procID: 1, 
 ------ Completed - transfercase: B2A, procID: 1 ------ 


 ======================== outterLoop - 31 ==========================
 - case of asymmetrictity 


 ======================== outterLoop - 31 ==========================
 - case of asymmetrictity 
 ---- csv created - transferCase: A2B, procID: 0, 
 ------ Completed - transfercase: A2B, procID: 0 ------ 
 ---- csv created - transferCase: A2B, procID: 1, 
 ------ Completed - transfercase: A2B, procID: 1 ------ 
 ---- csv created - transferCase: B2A, procID: 0, 
 ------ Completed - transfercase: B2A, procID: 0 ------ 
 ---- csv created - transferCase: B2A, procID: 1, 
 ------ Completed - transfercase: B2A, procID: 1 ------ 


 ======================== outterLoop - 32 ==========================


 ======================== outterLoop - 32 ==========================
 - case of asymmetrictity 
 - case of asymmetrictity 
parse_arguments function
 -- checking Flags for data Transfer pattern
 -- creating the (base,power) pairs
parse_arguments function
 -- checking Flags for data Transfer pattern
 -- creating the (base,power) pairs
 ----- Data Packet for base:3^ power:22
procId: 1 ----> Sequentially Executed Functions
 ------ generateNumberArray -> combineArrays -> selectionSort
 ------ The combined length of sorted array: 22
 ----- Data Packet for base:3^ power:22
procId: 0 ----> Sequentially Executed Functions
 ------ generateNumberArray -> combineArrays -> selectionSort
 ------ The combined length of sorted array: 22


 ======================== outterLoop - 1 ==========================


 ======================== outterLoop - 1 ==========================
 - case of asymmetrictity 
 - case of asymmetrictity 
 ---- csv created - transferCase: A2B, procID: 1, 
 ------ Completed - transfercase: A2B, procID: 1 ------ 
 ---- csv created - transferCase: A2B, procID: 0, 
 ------ Completed - transfercase: A2B, procID: 0 ------ 
 ---- csv created - transferCase: B2A, procID: 0, 
 ------ Completed - transfercase: B2A, procID: 0 ------ 
 ---- csv created - transferCase: B2A, procID: 1, 
 ------ Completed - transfercase: B2A, procID: 1 ------ 


 ======================== outterLoop - 2 ==========================


 ======================== outterLoop - 2 ==========================
 - case of asymmetrictity 
 - case of asymmetrictity 
 ---- csv created - transferCase: A2B, procID: 0, 
 ------ Completed - transfercase: A2B, procID: 0 ------ 
 ---- csv created - transferCase: A2B, procID: 1, 
 ------ Completed - transfercase: A2B, procID: 1 ------ 
 ---- csv created - transferCase: B2A, procID: 1, 
 ------ Completed - transfercase: B2A, procID: 1 ------ 
 ---- csv created - transferCase: B2A, procID: 0, 
 ------ Completed - transfercase: B2A, procID: 0 ------ 


 ======================== outterLoop - 3 ==========================
 - case of asymmetrictity 


 ======================== outterLoop - 3 ==========================
 - case of asymmetrictity 
 ---- csv created - transferCase: A2B, procID: 0, 
 ------ Completed - transfercase: A2B, procID: 0 ------ 
 ---- csv created - transferCase: A2B, procID: 1, 
 ------ Completed - transfercase: A2B, procID: 1 ------ 
 ---- csv created - transferCase: B2A, procID: 1, 
 ------ Completed - transfercase: B2A, procID: 1 ------ 
 ---- csv created - transferCase: B2A, procID: 0, 
 ------ Completed - transfercase: B2A, procID: 0 ------ 


 ======================== outterLoop - 4 ==========================
 - case of asymmetrictity 


 ======================== outterLoop - 4 ==========================
 - case of asymmetrictity 
 ---- csv created - transferCase: A2B, procID: 0, 
 ------ Completed - transfercase: A2B, procID: 0 ------ 
 ---- csv created - transferCase: A2B, procID: 1, 
 ------ Completed - transfercase: A2B, procID: 1 ------ 
 ---- csv created - transferCase: B2A, procID: 1, 
 ------ Completed - transfercase: B2A, procID: 1 ------ 
 ---- csv created - transferCase: B2A, procID: 0, 
 ------ Completed - transfercase: B2A, procID: 0 ------ 


 ======================== outterLoop - 5 ==========================
 - case of asymmetrictity 


 ======================== outterLoop - 5 ==========================
 - case of asymmetrictity 
 ---- csv created - transferCase: A2B, procID: 0, 
 ------ Completed - transfercase: A2B, procID: 0 ------ 
 ---- csv created - transferCase: A2B, procID: 1, 
 ------ Completed - transfercase: A2B, procID: 1 ------ 
 ---- csv created - transferCase: B2A, procID: 1, 
 ------ Completed - transfercase: B2A, procID: 1 ------ 
 ---- csv created - transferCase: B2A, procID: 0, 
 ------ Completed - transfercase: B2A, procID: 0 ------ 


 ======================== outterLoop - 6 ==========================


 ======================== outterLoop - 6 ==========================
 - case of asymmetrictity 
 - case of asymmetrictity 
 ---- csv created - transferCase: A2B, procID: 0, 
 ------ Completed - transfercase: A2B, procID: 0 ------ 
 ---- csv created - transferCase: A2B, procID: 1, 
 ------ Completed - transfercase: A2B, procID: 1 ------ 
 ---- csv created - transferCase: B2A, procID: 1, 
 ------ Completed - transfercase: B2A, procID: 1 ------ 
 ---- csv created - transferCase: B2A, procID: 0, 
 ------ Completed - transfercase: B2A, procID: 0 ------ 




 ======================== outterLoop - 7 ==========================
 - case of asymmetrictity 
 ======================== outterLoop - 7 ==========================
 - case of asymmetrictity 
 ---- csv created - transferCase: A2B, procID: 1, 
 ------ Completed - transfercase: A2B, procID: 1 ------ 
 ---- csv created - transferCase: A2B, procID: 0, 
 ------ Completed - transfercase: A2B, procID: 0 ------ 
 ---- csv created - transferCase: B2A, procID: 1, 
 ------ Completed - transfercase: B2A, procID: 1 ------ 
 ---- csv created - transferCase: B2A, procID: 0, 
 ------ Completed - transfercase: B2A, procID: 0 ------ 


 ======================== outterLoop - 8 ==========================


 ======================== outterLoop - 8 ==========================
 - case of asymmetrictity 
 - case of asymmetrictity 
 ---- csv created - transferCase: A2B, procID: 1, 
 ------ Completed - transfercase: A2B, procID: 1 ------ 
 ---- csv created - transferCase: A2B, procID: 0, 
 ------ Completed - transfercase: A2B, procID: 0 ------ 
 ---- csv created - transferCase: B2A, procID: 1, 
 ------ Completed - transfercase: B2A, procID: 1 ------ 
 ---- csv created - transferCase: B2A, procID: 0, 
 ------ Completed - transfercase: B2A, procID: 0 ------ 


 ======================== outterLoop - 9 ==========================


 ======================== outterLoop - 9 ==========================
 - case of asymmetrictity 
 - case of asymmetrictity 
 ---- csv created - transferCase: A2B, procID: 1, 
 ------ Completed - transfercase: A2B, procID: 1 ------ 
 ---- csv created - transferCase: A2B, procID: 0, 
 ------ Completed - transfercase: A2B, procID: 0 ------ 
 ---- csv created - transferCase: B2A, procID: 1, 
 ------ Completed - transfercase: B2A, procID: 1 ------ 
 ---- csv created - transferCase: B2A, procID: 0, 
 ------ Completed - transfercase: B2A, procID: 0 ------ 


 ======================== outterLoop - 10 ==========================


 ======================== outterLoop - 10 ==========================
 - case of asymmetrictity 
 - case of asymmetrictity 
 ---- csv created - transferCase: A2B, procID: 1, 
 ------ Completed - transfercase: A2B, procID: 1 ------ 
 ---- csv created - transferCase: A2B, procID: 0, 
 ------ Completed - transfercase: A2B, procID: 0 ------ 
 ---- csv created - transferCase: B2A, procID: 0, 
 ------ Completed - transfercase: B2A, procID: 0 ------ 
 ---- csv created - transferCase: B2A, procID: 1, 
 ------ Completed - transfercase: B2A, procID: 1 ------ 


 ======================== outterLoop - 11 ==========================


 ======================== outterLoop - 11 ==========================
 - case of asymmetrictity 
 - case of asymmetrictity 
 ---- csv created - transferCase: A2B, procID: 1, 
 ------ Completed - transfercase: A2B, procID: 1 ------ 
 ---- csv created - transferCase: A2B, procID: 0, 
 ------ Completed - transfercase: A2B, procID: 0 ------ 
 ---- csv created - transferCase: B2A, procID: 0, 
 ------ Completed - transfercase: B2A, procID: 0 ------ 
 ---- csv created - transferCase: B2A, procID: 1, 
 ------ Completed - transfercase: B2A, procID: 1 ------ 


 ======================== outterLoop - 12 ==========================


 ======================== outterLoop - 12 ==========================
 - case of asymmetrictity 
 - case of asymmetrictity 
 ---- csv created - transferCase: A2B, procID: 1, 
 ------ Completed - transfercase: A2B, procID: 1 ------ 
 ---- csv created - transferCase: A2B, procID: 0, 
 ------ Completed - transfercase: A2B, procID: 0 ------ 
 ---- csv created - transferCase: B2A, procID: 0, 
 ------ Completed - transfercase: B2A, procID: 0 ------ 
 ---- csv created - transferCase: B2A, procID: 1, 
 ------ Completed - transfercase: B2A, procID: 1 ------ 


 ======================== outterLoop - 13 ==========================


 - case of asymmetrictity 
 ======================== outterLoop - 13 ==========================
 - case of asymmetrictity 
 ---- csv created - transferCase: A2B, procID: 1, 
 ------ Completed - transfercase: A2B, procID: 1 ------ 
 ---- csv created - transferCase: A2B, procID: 0, 
 ------ Completed - transfercase: A2B, procID: 0 ------ 
 ---- csv created - transferCase: B2A, procID: 1, 
 ------ Completed - transfercase: B2A, procID: 1 ------ 
 ---- csv created - transferCase: B2A, procID: 0, 
 ------ Completed - transfercase: B2A, procID: 0 ------ 


 ======================== outterLoop - 14 ==========================


 ======================== outterLoop - 14 ==========================
 - case of asymmetrictity 
 - case of asymmetrictity 
 ---- csv created - transferCase: A2B, procID: 0, 
 ------ Completed - transfercase: A2B, procID: 0 ------ 
 ---- csv created - transferCase: A2B, procID: 1, 
 ------ Completed - transfercase: A2B, procID: 1 ------ 
 ---- csv created - transferCase: B2A, procID: 1, 
 ------ Completed - transfercase: B2A, procID: 1 ------ 
 ---- csv created - transferCase: B2A, procID: 0, 
 ------ Completed - transfercase: B2A, procID: 0 ------ 


 ======================== outterLoop - 15 ==========================
 - case of asymmetrictity 


 ======================== outterLoop - 15 ==========================
 - case of asymmetrictity 
 ---- csv created - transferCase: A2B, procID: 1, 
 ------ Completed - transfercase: A2B, procID: 1 ------ 
 ---- csv created - transferCase: A2B, procID: 0, 
 ------ Completed - transfercase: A2B, procID: 0 ------ 
 ---- csv created - transferCase: B2A, procID: 1, 
 ------ Completed - transfercase: B2A, procID: 1 ------ 
 ---- csv created - transferCase: B2A, procID: 0, 
 ------ Completed - transfercase: B2A, procID: 0 ------ 


 ======================== outterLoop - 16 ==========================
 - case of asymmetrictity 


 ======================== outterLoop - 16 ==========================
 - case of asymmetrictity 
 ---- csv created - transferCase: A2B, procID: 0, 
 ------ Completed - transfercase: A2B, procID: 0 ------ 
 ---- csv created - transferCase: A2B, procID: 1, 
 ------ Completed - transfercase: A2B, procID: 1 ------ 
 ---- csv created - transferCase: B2A, procID: 0, 
 ------ Completed - transfercase: B2A, procID: 0 ------ 
 ---- csv created - transferCase: B2A, procID: 1, 
 ------ Completed - transfercase: B2A, procID: 1 ------ 


 ======================== outterLoop - 17 ==========================
 - case of asymmetrictity 


 ======================== outterLoop - 17 ==========================
 - case of asymmetrictity 
 ---- csv created - transferCase: A2B, procID: 1, 
 ------ Completed - transfercase: A2B, procID: 1 ------ 
 ---- csv created - transferCase: A2B, procID: 0, 
 ------ Completed - transfercase: A2B, procID: 0 ------ 
 ---- csv created - transferCase: B2A, procID: 0, 
 ------ Completed - transfercase: B2A, procID: 0 ------ 
 ---- csv created - transferCase: B2A, procID: 1, 
 ------ Completed - transfercase: B2A, procID: 1 ------ 


 ======================== outterLoop - 18 ==========================
 - case of asymmetrictity 


 ======================== outterLoop - 18 ==========================
 - case of asymmetrictity 
 ---- csv created - transferCase: A2B, procID: 1, 
 ------ Completed - transfercase: A2B, procID: 1 ------ 
 ---- csv created - transferCase: A2B, procID: 0, 
 ------ Completed - transfercase: A2B, procID: 0 ------ 
 ---- csv created - transferCase: B2A, procID: 0, 
 ------ Completed - transfercase: B2A, procID: 0 ------ 
 ---- csv created - transferCase: B2A, procID: 1, 
 ------ Completed - transfercase: B2A, procID: 1 ------ 


 ======================== outterLoop - 19 ==========================
 - case of asymmetrictity 


 ======================== outterLoop - 19 ==========================
 - case of asymmetrictity 
 ---- csv created - transferCase: A2B, procID: 1, 
 ------ Completed - transfercase: A2B, procID: 1 ------ 
 ---- csv created - transferCase: A2B, procID: 0, 
 ------ Completed - transfercase: A2B, procID: 0 ------ 
 ---- csv created - transferCase: B2A, procID: 1, 
 ------ Completed - transfercase: B2A, procID: 1 ------ 
 ---- csv created - transferCase: B2A, procID: 0, 
 ------ Completed - transfercase: B2A, procID: 0 ------ 


 ======================== outterLoop - 20 ==========================
 - case of asymmetrictity 


 ======================== outterLoop - 20 ==========================
 - case of asymmetrictity 
 ---- csv created - transferCase: A2B, procID: 1, 
 ------ Completed - transfercase: A2B, procID: 1 ------ 
 ---- csv created - transferCase: A2B, procID: 0, 
 ------ Completed - transfercase: A2B, procID: 0 ------ 
 ---- csv created - transferCase: B2A, procID: 0, 
 ------ Completed - transfercase: B2A, procID: 0 ------ 
 ---- csv created - transferCase: B2A, procID: 1, 
 ------ Completed - transfercase: B2A, procID: 1 ------ 


 ======================== outterLoop - 21 ==========================


 ======================== outterLoop - 21 ==========================
 - case of asymmetrictity 
 - case of asymmetrictity 
parse_arguments function
 -- checking Flags for data Transfer pattern
 -- creating the (base,power) pairs
parse_arguments function
 -- checking Flags for data Transfer pattern
 -- creating the (base,power) pairs
 ----- Data Packet for base:5^ power:15
procId: 1 ----> Sequentially Executed Functions
 ------ generateNumberArray -> combineArrays -> selectionSort
 ------ The combined length of sorted array: 15
 ----- Data Packet for base:5^ power:15
procId: 0 ----> Sequentially Executed Functions
 ------ generateNumberArray -> combineArrays -> selectionSort
 ------ The combined length of sorted array: 15


 ======================== outterLoop - 1 ==========================


 ======================== outterLoop - 1 ==========================
 - case of asymmetrictity 
 - case of asymmetrictity 
 ---- csv created - transferCase: A2B, procID: 0, 
 ------ Completed - transfercase: A2B, procID: 0 ------ 
 ---- csv created - transferCase: A2B, procID: 1, 
 ------ Completed - transfercase: A2B, procID: 1 ------ 
 ---- csv created - transferCase: B2A, procID: 1, 
 ------ Completed - transfercase: B2A, procID: 1 ------ 
 ---- csv created - transferCase: B2A, procID: 0, 
 ------ Completed - transfercase: B2A, procID: 0 ------ 


 ======================== outterLoop - 2 ==========================


 ======================== outterLoop - 2 ==========================
 - case of asymmetrictity 
 - case of asymmetrictity 
 ---- csv created - transferCase: A2B, procID: 0, 
 ------ Completed - transfercase: A2B, procID: 0 ------ 
 ---- csv created - transferCase: A2B, procID: 1, 
 ------ Completed - transfercase: A2B, procID: 1 ------ 
 ---- csv created - transferCase: B2A, procID: 1, 
 ------ Completed - transfercase: B2A, procID: 1 ------ 
 ---- csv created - transferCase: B2A, procID: 0, 
 ------ Completed - transfercase: B2A, procID: 0 ------ 


 ======================== outterLoop - 3 ==========================
 - case of asymmetrictity 


 ======================== outterLoop - 3 ==========================
 - case of asymmetrictity 
 ---- csv created - transferCase: A2B, procID: 0, 
 ------ Completed - transfercase: A2B, procID: 0 ------ 
 ---- csv created - transferCase: A2B, procID: 1, 
 ------ Completed - transfercase: A2B, procID: 1 ------ 
 ---- csv created - transferCase: B2A, procID: 1, 
 ------ Completed - transfercase: B2A, procID: 1 ------ 
 ---- csv created - transferCase: B2A, procID: 0, 
 ------ Completed - transfercase: B2A, procID: 0 ------ 


 ======================== outterLoop - 4 ==========================
 - case of asymmetrictity 


 ======================== outterLoop - 4 ==========================
 - case of asymmetrictity 
 ---- csv created - transferCase: A2B, procID: 0, 
 ------ Completed - transfercase: A2B, procID: 0 ------ 
 ---- csv created - transferCase: A2B, procID: 1, 
 ------ Completed - transfercase: A2B, procID: 1 ------ 
 ---- csv created - transferCase: B2A, procID: 1, 
 ------ Completed - transfercase: B2A, procID: 1 ------ 
 ---- csv created - transferCase: B2A, procID: 0, 
 ------ Completed - transfercase: B2A, procID: 0 ------ 


 ======================== outterLoop - 5 ==========================


 ======================== outterLoop - 5 ==========================
 - case of asymmetrictity 
 - case of asymmetrictity 
 ---- csv created - transferCase: A2B, procID: 0, 
 ------ Completed - transfercase: A2B, procID: 0 ------ 
 ---- csv created - transferCase: A2B, procID: 1, 
 ------ Completed - transfercase: A2B, procID: 1 ------ 
 ---- csv created - transferCase: B2A, procID: 1, 
 ------ Completed - transfercase: B2A, procID: 1 ------ 
 ---- csv created - transferCase: B2A, procID: 0, 
 ------ Completed - transfercase: B2A, procID: 0 ------ 




 ======================== outterLoop - 6 ==========================
 - case of asymmetrictity 
 ======================== outterLoop - 6 ==========================
 - case of asymmetrictity 
 ---- csv created - transferCase: A2B, procID: 1, 
 ------ Completed - transfercase: A2B, procID: 1 ------ 
 ---- csv created - transferCase: A2B, procID: 0, 
 ------ Completed - transfercase: A2B, procID: 0 ------ 
 ---- csv created - transferCase: B2A, procID: 0, 
 ------ Completed - transfercase: B2A, procID: 0 ------ 
 ---- csv created - transferCase: B2A, procID: 1, 
 ------ Completed - transfercase: B2A, procID: 1 ------ 


 ======================== outterLoop - 7 ==========================


 ======================== outterLoop - 7 ==========================
 - case of asymmetrictity 
 - case of asymmetrictity 
 ---- csv created - transferCase: A2B, procID: 1, 
 ------ Completed - transfercase: A2B, procID: 1 ------ 
 ---- csv created - transferCase: A2B, procID: 0, 
 ------ Completed - transfercase: A2B, procID: 0 ------ 
 ---- csv created - transferCase: B2A, procID: 1, 
 ------ Completed - transfercase: B2A, procID: 1 ------ 
 ---- csv created - transferCase: B2A, procID: 0, 
 ------ Completed - transfercase: B2A, procID: 0 ------ 


 ======================== outterLoop - 8 ==========================


 ======================== outterLoop - 8 ==========================
 - case of asymmetrictity 
 - case of asymmetrictity 
 ---- csv created - transferCase: A2B, procID: 1, 
 ------ Completed - transfercase: A2B, procID: 1 ------ 
 ---- csv created - transferCase: A2B, procID: 0, 
 ------ Completed - transfercase: A2B, procID: 0 ------ 
 ---- csv created - transferCase: B2A, procID: 0, 
 ------ Completed - transfercase: B2A, procID: 0 ------ 
 ---- csv created - transferCase: B2A, procID: 1, 
 ------ Completed - transfercase: B2A, procID: 1 ------ 


 ======================== outterLoop - 9 ==========================
 - case of asymmetrictity 


 ======================== outterLoop - 9 ==========================
 - case of asymmetrictity 
 ---- csv created - transferCase: A2B, procID: 1, 
 ------ Completed - transfercase: A2B, procID: 1 ------ 
 ---- csv created - transferCase: A2B, procID: 0, 
 ------ Completed - transfercase: A2B, procID: 0 ------ 
 ---- csv created - transferCase: B2A, procID: 0, 
 ------ Completed - transfercase: B2A, procID: 0 ------ 
 ---- csv created - transferCase: B2A, procID: 1, 
 ------ Completed - transfercase: B2A, procID: 1 ------ 


 ======================== outterLoop - 10 ==========================


 ======================== outterLoop - 10 ==========================
 - case of asymmetrictity 
 - case of asymmetrictity 
 ---- csv created - transferCase: A2B, procID: 1, 
 ------ Completed - transfercase: A2B, procID: 1 ------ 
 ---- csv created - transferCase: A2B, procID: 0, 
 ------ Completed - transfercase: A2B, procID: 0 ------ 
 ---- csv created - transferCase: B2A, procID: 1, 
 ------ Completed - transfercase: B2A, procID: 1 ------ 
 ---- csv created - transferCase: B2A, procID: 0, 
 ------ Completed - transfercase: B2A, procID: 0 ------ 


 ======================== outterLoop - 11 ==========================
 - case of asymmetrictity 


 ======================== outterLoop - 11 ==========================
 - case of asymmetrictity 
 ---- csv created - transferCase: A2B, procID: 0, 
 ------ Completed - transfercase: A2B, procID: 0 ------ 
 ---- csv created - transferCase: A2B, procID: 1, 
 ------ Completed - transfercase: A2B, procID: 1 ------ 
 ---- csv created - transferCase: B2A, procID: 0, 
 ------ Completed - transfercase: B2A, procID: 0 ------ 
 ---- csv created - transferCase: B2A, procID: 1, 
 ------ Completed - transfercase: B2A, procID: 1 ------ 


 ======================== outterLoop - 12 ==========================
 - case of asymmetrictity 


 ======================== outterLoop - 12 ==========================
 - case of asymmetrictity 
 ---- csv created - transferCase: A2B, procID: 1, 
 ------ Completed - transfercase: A2B, procID: 1 ------ 
 ---- csv created - transferCase: A2B, procID: 0, 
 ------ Completed - transfercase: A2B, procID: 0 ------ 
 ---- csv created - transferCase: B2A, procID: 0, 
 ------ Completed - transfercase: B2A, procID: 0 ------ 
 ---- csv created - transferCase: B2A, procID: 1, 
 ------ Completed - transfercase: B2A, procID: 1 ------ 


 ======================== outterLoop - 13 ==========================
 - case of asymmetrictity 


 ======================== outterLoop - 13 ==========================
 - case of asymmetrictity 
 ---- csv created - transferCase: A2B, procID: 0, 
 ------ Completed - transfercase: A2B, procID: 0 ------ 
 ---- csv created - transferCase: A2B, procID: 1, 
 ------ Completed - transfercase: A2B, procID: 1 ------ 
 ---- csv created - transferCase: B2A, procID: 1, 
 ------ Completed - transfercase: B2A, procID: 1 ------ 
 ---- csv created - transferCase: B2A, procID: 0, 
 ------ Completed - transfercase: B2A, procID: 0 ------ 


 ======================== outterLoop - 14 ==========================
 - case of asymmetrictity 


 ======================== outterLoop - 14 ==========================
 - case of asymmetrictity 
 ---- csv created - transferCase: A2B, procID: 0, 
 ------ Completed - transfercase: A2B, procID: 0 ------ 
 ---- csv created - transferCase: A2B, procID: 1, 
 ------ Completed - transfercase: A2B, procID: 1 ------ 
 ---- csv created - transferCase: B2A, procID: 0, 
 ------ Completed - transfercase: B2A, procID: 0 ------ 
 ---- csv created - transferCase: B2A, procID: 1, 
 ------ Completed - transfercase: B2A, procID: 1 ------ 


 ======================== outterLoop - 15 ==========================
 - case of asymmetrictity 


 ======================== outterLoop - 15 ==========================
 - case of asymmetrictity 
 ---- csv created - transferCase: A2B, procID: 0, 
 ------ Completed - transfercase: A2B, procID: 0 ------ 
 ---- csv created - transferCase: A2B, procID: 1, 
 ------ Completed - transfercase: A2B, procID: 1 ------ 
 ---- csv created - transferCase: B2A, procID: 1, 
 ------ Completed - transfercase: B2A, procID: 1 ------ 
 ---- csv created - transferCase: B2A, procID: 0, 
 ------ Completed - transfercase: B2A, procID: 0 ------ 
parse_arguments function
 -- checking Flags for data Transfer pattern
 -- creating the (base,power) pairs
parse_arguments function
 -- checking Flags for data Transfer pattern
 -- creating the (base,power) pairs
 ----- Data Packet for base:7^ power:12
 ----- Data Packet for base:7^ power:12
procId: 0 ----> Sequentially Executed Functions
 ------ generateNumberArray -> combineArrays -> selectionSort
 ------ The combined length of sorted array: 12
procId: 1 ----> Sequentially Executed Functions
 ------ generateNumberArray -> combineArrays -> selectionSort
 ------ The combined length of sorted array: 12


 ======================== outterLoop - 1 ==========================


 ======================== outterLoop - 1 ==========================
 - case of asymmetrictity 
 - case of asymmetrictity 
 ---- csv created - transferCase: A2B, procID: 1, 
 ------ Completed - transfercase: A2B, procID: 1 ------ 
 ---- csv created - transferCase: A2B, procID: 0, 
 ------ Completed - transfercase: A2B, procID: 0 ------ 
 ---- csv created - transferCase: B2A, procID: 1, 
 ------ Completed - transfercase: B2A, procID: 1 ------ 
 ---- csv created - transferCase: B2A, procID: 0, 
 ------ Completed - transfercase: B2A, procID: 0 ------ 


 ======================== outterLoop - 2 ==========================
 - case of asymmetrictity 


 ======================== outterLoop - 2 ==========================
 - case of asymmetrictity 
 ---- csv created - transferCase: A2B, procID: 0, 
 ------ Completed - transfercase: A2B, procID: 0 ------ 
 ---- csv created - transferCase: A2B, procID: 1, 
 ------ Completed - transfercase: A2B, procID: 1 ------ 
 ---- csv created - transferCase: B2A, procID: 1, 
 ------ Completed - transfercase: B2A, procID: 1 ------ 
 ---- csv created - transferCase: B2A, procID: 0, 
 ------ Completed - transfercase: B2A, procID: 0 ------ 


 ======================== outterLoop - 3 ==========================


 ======================== outterLoop - 3 ==========================
 - case of asymmetrictity 
 - case of asymmetrictity 
 ---- csv created - transferCase: A2B, procID: 0, 
 ------ Completed - transfercase: A2B, procID: 0 ------ 
 ---- csv created - transferCase: A2B, procID: 1, 
 ------ Completed - transfercase: A2B, procID: 1 ------ 
 ---- csv created - transferCase: B2A, procID: 1, 
 ------ Completed - transfercase: B2A, procID: 1 ------ 
 ---- csv created - transferCase: B2A, procID: 0, 
 ------ Completed - transfercase: B2A, procID: 0 ------ 


 ======================== outterLoop - 4 ==========================


 ======================== outterLoop - 4 ==========================
 - case of asymmetrictity 
 - case of asymmetrictity 
 ---- csv created - transferCase: A2B, procID: 0, 
 ------ Completed - transfercase: A2B, procID: 0 ------ 
 ---- csv created - transferCase: A2B, procID: 1, 
 ------ Completed - transfercase: A2B, procID: 1 ------ 
 ---- csv created - transferCase: B2A, procID: 1, 
 ------ Completed - transfercase: B2A, procID: 1 ------ 
 ---- csv created - transferCase: B2A, procID: 0, 
 ------ Completed - transfercase: B2A, procID: 0 ------ 


 ======================== outterLoop - 5 ==========================
 - case of asymmetrictity 


 ======================== outterLoop - 5 ==========================
 - case of asymmetrictity 
 ---- csv created - transferCase: A2B, procID: 0, 
 ------ Completed - transfercase: A2B, procID: 0 ------ 
 ---- csv created - transferCase: A2B, procID: 1, 
 ------ Completed - transfercase: A2B, procID: 1 ------ 
 ---- csv created - transferCase: B2A, procID: 0, 
 ------ Completed - transfercase: B2A, procID: 0 ------ 
 ---- csv created - transferCase: B2A, procID: 1, 
 ------ Completed - transfercase: B2A, procID: 1 ------ 


 ======================== outterLoop - 6 ==========================


 ======================== outterLoop - 6 ==========================
 - case of asymmetrictity 
 - case of asymmetrictity 
 ---- csv created - transferCase: A2B, procID: 0, 
 ------ Completed - transfercase: A2B, procID: 0 ------ 
 ---- csv created - transferCase: A2B, procID: 1, 
 ------ Completed - transfercase: A2B, procID: 1 ------ 
 ---- csv created - transferCase: B2A, procID: 0, 
 ------ Completed - transfercase: B2A, procID: 0 ------ 
 ---- csv created - transferCase: B2A, procID: 1, 
 ------ Completed - transfercase: B2A, procID: 1 ------ 


 ======================== outterLoop - 7 ==========================


 ======================== outterLoop - 7 ==========================
 - case of asymmetrictity 
 - case of asymmetrictity 
 ---- csv created - transferCase: A2B, procID: 1, 
 ------ Completed - transfercase: A2B, procID: 1 ------ 
 ---- csv created - transferCase: A2B, procID: 0, 
 ------ Completed - transfercase: A2B, procID: 0 ------ 
 ---- csv created - transferCase: B2A, procID: 1, 
 ------ Completed - transfercase: B2A, procID: 1 ------ 
 ---- csv created - transferCase: B2A, procID: 0, 
 ------ Completed - transfercase: B2A, procID: 0 ------ 


 ======================== outterLoop - 8 ==========================


 - case of asymmetrictity 
 ======================== outterLoop - 8 ==========================
 - case of asymmetrictity 
 ---- csv created - transferCase: A2B, procID: 1, 
 ------ Completed - transfercase: A2B, procID: 1 ------ 
 ---- csv created - transferCase: A2B, procID: 0, 
 ------ Completed - transfercase: A2B, procID: 0 ------ 
 ---- csv created - transferCase: B2A, procID: 0, 
 ------ Completed - transfercase: B2A, procID: 0 ------ 
 ---- csv created - transferCase: B2A, procID: 1, 
 ------ Completed - transfercase: B2A, procID: 1 ------ 


 ======================== outterLoop - 9 ==========================
 - case of asymmetrictity 


 ======================== outterLoop - 9 ==========================
 - case of asymmetrictity 
 ---- csv created - transferCase: A2B, procID: 1, 
 ------ Completed - transfercase: A2B, procID: 1 ------ 
 ---- csv created - transferCase: A2B, procID: 0, 
 ------ Completed - transfercase: A2B, procID: 0 ------ 
 ---- csv created - transferCase: B2A, procID: 1, 
 ------ Completed - transfercase: B2A, procID: 1 ------ 
 ---- csv created - transferCase: B2A, procID: 0, 
 ------ Completed - transfercase: B2A, procID: 0 ------ 


 ======================== outterLoop - 10 ==========================
 - case of asymmetrictity 


 ======================== outterLoop - 10 ==========================
 - case of asymmetrictity 
 ---- csv created - transferCase: A2B, procID: 0, 
 ------ Completed - transfercase: A2B, procID: 0 ------ 
 ---- csv created - transferCase: A2B, procID: 1, 
 ------ Completed - transfercase: A2B, procID: 1 ------ 
 ---- csv created - transferCase: B2A, procID: 1, 
 ------ Completed - transfercase: B2A, procID: 1 ------ 
 ---- csv created - transferCase: B2A, procID: 0, 
 ------ Completed - transfercase: B2A, procID: 0 ------ 


 ======================== outterLoop - 11 ==========================
 - case of asymmetrictity 


 ======================== outterLoop - 11 ==========================
 - case of asymmetrictity 
 ---- csv created - transferCase: A2B, procID: 0, 
 ------ Completed - transfercase: A2B, procID: 0 ------ 
 ---- csv created - transferCase: A2B, procID: 1, 
 ------ Completed - transfercase: A2B, procID: 1 ------ 
 ---- csv created - transferCase: B2A, procID: 1, 
 ------ Completed - transfercase: B2A, procID: 1 ------ 
 ---- csv created - transferCase: B2A, procID: 0, 
 ------ Completed - transfercase: B2A, procID: 0 ------ 


 ======================== outterLoop - 12 ==========================
 - case of asymmetrictity 


 ======================== outterLoop - 12 ==========================
 - case of asymmetrictity 
 ---- csv created - transferCase: A2B, procID: 1, 
 ------ Completed - transfercase: A2B, procID: 1 ------ 
 ---- csv created - transferCase: A2B, procID: 0, 
 ------ Completed - transfercase: A2B, procID: 0 ------ 
 ---- csv created - transferCase: B2A, procID: 0, 
 ------ Completed - transfercase: B2A, procID: 0 ------ 
 ---- csv created - transferCase: B2A, procID: 1, 
 ------ Completed - transfercase: B2A, procID: 1 ------ 
parse_arguments function
 -- checking Flags for data Transfer pattern
 -- creating the (base,power) pairs
parse_arguments function
 -- checking Flags for data Transfer pattern
 -- creating the (base,power) pairs
 ----- Data Packet for base:11^ power:10
 ----- Data Packet for base:11^ power:10
procId: 0 ----> Sequentially Executed Functions
 ------ generateNumberArray -> combineArrays -> selectionSort
 ------ The combined length of sorted array: 10
procId: 1 ----> Sequentially Executed Functions
 ------ generateNumberArray -> combineArrays -> selectionSort
 ------ The combined length of sorted array: 10


 ======================== outterLoop - 1 ==========================
 - case of asymmetrictity 


 ======================== outterLoop - 1 ==========================
 - case of asymmetrictity 
 ---- csv created - transferCase: A2B, procID: 1, 
 ------ Completed - transfercase: A2B, procID: 1 ------ 
 ---- csv created - transferCase: A2B, procID: 0, 
 ------ Completed - transfercase: A2B, procID: 0 ------ 
 ---- csv created - transferCase: B2A, procID: 1, 
 ------ Completed - transfercase: B2A, procID: 1 ------ 
 ---- csv created - transferCase: B2A, procID: 0, 
 ------ Completed - transfercase: B2A, procID: 0 ------ 


 ======================== outterLoop - 2 ==========================


 ======================== outterLoop - 2 ==========================
 - case of asymmetrictity 
 - case of asymmetrictity 
 ---- csv created - transferCase: A2B, procID: 0, 
 ------ Completed - transfercase: A2B, procID: 0 ------ 
 ---- csv created - transferCase: A2B, procID: 1, 
 ------ Completed - transfercase: A2B, procID: 1 ------ 
 ---- csv created - transferCase: B2A, procID: 1, 
 ------ Completed - transfercase: B2A, procID: 1 ------ 
 ---- csv created - transferCase: B2A, procID: 0, 
 ------ Completed - transfercase: B2A, procID: 0 ------ 




 ======================== outterLoop - 3 ==========================
 - case of asymmetrictity 
 ======================== outterLoop - 3 ==========================
 - case of asymmetrictity 
 ---- csv created - transferCase: A2B, procID: 0, 
 ------ Completed - transfercase: A2B, procID: 0 ------ 
 ---- csv created - transferCase: A2B, procID: 1, 
 ------ Completed - transfercase: A2B, procID: 1 ------ 
 ---- csv created - transferCase: B2A, procID: 1, 
 ------ Completed - transfercase: B2A, procID: 1 ------ 
 ---- csv created - transferCase: B2A, procID: 0, 
 ------ Completed - transfercase: B2A, procID: 0 ------ 




 ======================== outterLoop - 4 ==========================
 - case of asymmetrictity 
 ======================== outterLoop - 4 ==========================
 - case of asymmetrictity 
 ---- csv created - transferCase: A2B, procID: 0, 
 ------ Completed - transfercase: A2B, procID: 0 ------ 
 ---- csv created - transferCase: A2B, procID: 1, 
 ------ Completed - transfercase: A2B, procID: 1 ------ 
 ---- csv created - transferCase: B2A, procID: 1, 
 ------ Completed - transfercase: B2A, procID: 1 ------ 
 ---- csv created - transferCase: B2A, procID: 0, 
 ------ Completed - transfercase: B2A, procID: 0 ------ 


 ======================== outterLoop - 5 ==========================


 ======================== outterLoop - 5 ==========================
 - case of asymmetrictity 
 - case of asymmetrictity 
 ---- csv created - transferCase: A2B, procID: 1, 
 ------ Completed - transfercase: A2B, procID: 1 ------ 
 ---- csv created - transferCase: A2B, procID: 0, 
 ------ Completed - transfercase: A2B, procID: 0 ------ 
 ---- csv created - transferCase: B2A, procID: 1, 
 ------ Completed - transfercase: B2A, procID: 1 ------ 
 ---- csv created - transferCase: B2A, procID: 0, 
 ------ Completed - transfercase: B2A, procID: 0 ------ 


 ======================== outterLoop - 6 ==========================


 ======================== outterLoop - 6 ==========================
 - case of asymmetrictity 
 - case of asymmetrictity 
 ---- csv created - transferCase: A2B, procID: 1, 
 ------ Completed - transfercase: A2B, procID: 1 ------ 
 ---- csv created - transferCase: A2B, procID: 0, 
 ------ Completed - transfercase: A2B, procID: 0 ------ 
 ---- csv created - transferCase: B2A, procID: 0, 
 ------ Completed - transfercase: B2A, procID: 0 ------ 
 ---- csv created - transferCase: B2A, procID: 1, 
 ------ Completed - transfercase: B2A, procID: 1 ------ 


 ======================== outterLoop - 7 ==========================
 - case of asymmetrictity 


 ======================== outterLoop - 7 ==========================
 - case of asymmetrictity 
 ---- csv created - transferCase: A2B, procID: 0, 
 ------ Completed - transfercase: A2B, procID: 0 ------ 
 ---- csv created - transferCase: A2B, procID: 1, 
 ------ Completed - transfercase: A2B, procID: 1 ------ 
 ---- csv created - transferCase: B2A, procID: 1, 
 ------ Completed - transfercase: B2A, procID: 1 ------ 
 ---- csv created - transferCase: B2A, procID: 0, 
 ------ Completed - transfercase: B2A, procID: 0 ------ 


 ======================== outterLoop - 8 ==========================
 - case of asymmetrictity 


 ======================== outterLoop - 8 ==========================
 - case of asymmetrictity 
 ---- csv created - transferCase: A2B, procID: 1, 
 ------ Completed - transfercase: A2B, procID: 1 ------ 
 ---- csv created - transferCase: A2B, procID: 0, 
 ------ Completed - transfercase: A2B, procID: 0 ------ 
 ---- csv created - transferCase: B2A, procID: 1, 
 ------ Completed - transfercase: B2A, procID: 1 ------ 
 ---- csv created - transferCase: B2A, procID: 0, 
 ------ Completed - transfercase: B2A, procID: 0 ------ 


 ======================== outterLoop - 9 ==========================
 - case of asymmetrictity 


 ======================== outterLoop - 9 ==========================
 - case of asymmetrictity 
 ---- csv created - transferCase: A2B, procID: 1, 
 ------ Completed - transfercase: A2B, procID: 1 ------ 
 ---- csv created - transferCase: A2B, procID: 0, 
 ------ Completed - transfercase: A2B, procID: 0 ------ 
 ---- csv created - transferCase: B2A, procID: 0, 
 ------ Completed - transfercase: B2A, procID: 0 ------ 
 ---- csv created - transferCase: B2A, procID: 1, 
 ------ Completed - transfercase: B2A, procID: 1 ------ 


 ======================== outterLoop - 10 ==========================


 ======================== outterLoop - 10 ==========================
 - case of asymmetrictity 
 - case of asymmetrictity 
parse_arguments function
 -- checking Flags for data Transfer pattern
 -- creating the (base,power) pairs
 ----- Data Packet for base:13^ power:9
parse_arguments function
 -- checking Flags for data Transfer pattern
 -- creating the (base,power) pairs
 ----- Data Packet for base:13^ power:9
procId: 1 ----> Sequentially Executed Functions
 ------ generateNumberArray -> combineArrays -> selectionSort
procId: 0 ----> Sequentially Executed Functions
 ------ generateNumberArray -> combineArrays -> selectionSort
 ------ The combined length of sorted array: 9
 ------ The combined length of sorted array: 9


 ======================== outterLoop - 1 ==========================
 - case of asymmetrictity 


 ======================== outterLoop - 1 ==========================
 - case of asymmetrictity 
 ---- csv created - transferCase: A2B, procID: 0, 
 ------ Completed - transfercase: A2B, procID: 0 ------ 
 ---- csv created - transferCase: A2B, procID: 1, 
 ------ Completed - transfercase: A2B, procID: 1 ------ 
 ---- csv created - transferCase: B2A, procID: 1, 
 ------ Completed - transfercase: B2A, procID: 1 ------ 
 ---- csv created - transferCase: B2A, procID: 0, 
 ------ Completed - transfercase: B2A, procID: 0 ------ 


 ======================== outterLoop - 2 ==========================
 - case of asymmetrictity 


 ======================== outterLoop - 2 ==========================
 - case of asymmetrictity 
 ---- csv created - transferCase: A2B, procID: 1, 
 ------ Completed - transfercase: A2B, procID: 1 ------ 
 ---- csv created - transferCase: A2B, procID: 0, 
 ------ Completed - transfercase: A2B, procID: 0 ------ 
 ---- csv created - transferCase: B2A, procID: 1, 
 ------ Completed - transfercase: B2A, procID: 1 ------ 
 ---- csv created - transferCase: B2A, procID: 0, 
 ------ Completed - transfercase: B2A, procID: 0 ------ 


 ======================== outterLoop - 3 ==========================
 - case of asymmetrictity 


 ======================== outterLoop - 3 ==========================
 - case of asymmetrictity 
 ---- csv created - transferCase: A2B, procID: 0, 
 ------ Completed - transfercase: A2B, procID: 0 ------ 
 ---- csv created - transferCase: A2B, procID: 1, 
 ------ Completed - transfercase: A2B, procID: 1 ------ 
 ---- csv created - transferCase: B2A, procID: 1, 
 ------ Completed - transfercase: B2A, procID: 1 ------ 
 ---- csv created - transferCase: B2A, procID: 0, 
 ------ Completed - transfercase: B2A, procID: 0 ------ 


 ======================== outterLoop - 4 ==========================
 - case of asymmetrictity 


 ======================== outterLoop - 4 ==========================
 - case of asymmetrictity 
 ---- csv created - transferCase: A2B, procID: 1, 
 ------ Completed - transfercase: A2B, procID: 1 ------ 
 ---- csv created - transferCase: A2B, procID: 0, 
 ------ Completed - transfercase: A2B, procID: 0 ------ 
 ---- csv created - transferCase: B2A, procID: 1, 
 ------ Completed - transfercase: B2A, procID: 1 ------ 
 ---- csv created - transferCase: B2A, procID: 0, 
 ------ Completed - transfercase: B2A, procID: 0 ------ 


 ======================== outterLoop - 5 ==========================
 - case of asymmetrictity 


 ======================== outterLoop - 5 ==========================
 - case of asymmetrictity 
 ---- csv created - transferCase: A2B, procID: 0, 
 ------ Completed - transfercase: A2B, procID: 0 ------ 
 ---- csv created - transferCase: A2B, procID: 1, 
 ------ Completed - transfercase: A2B, procID: 1 ------ 
 ---- csv created - transferCase: B2A, procID: 1, 
 ------ Completed - transfercase: B2A, procID: 1 ------ 
 ---- csv created - transferCase: B2A, procID: 0, 
 ------ Completed - transfercase: B2A, procID: 0 ------ 


 ======================== outterLoop - 6 ==========================
 - case of asymmetrictity 


 ======================== outterLoop - 6 ==========================
 - case of asymmetrictity 
 ---- csv created - transferCase: A2B, procID: 1, 
 ------ Completed - transfercase: A2B, procID: 1 ------ 
 ---- csv created - transferCase: A2B, procID: 0, 
 ------ Completed - transfercase: A2B, procID: 0 ------ 
 ---- csv created - transferCase: B2A, procID: 1, 
 ------ Completed - transfercase: B2A, procID: 1 ------ 
 ---- csv created - transferCase: B2A, procID: 0, 
 ------ Completed - transfercase: B2A, procID: 0 ------ 


 ======================== outterLoop - 7 ==========================
 - case of asymmetrictity 


 ======================== outterLoop - 7 ==========================
 - case of asymmetrictity 
 ---- csv created - transferCase: A2B, procID: 1, 
 ------ Completed - transfercase: A2B, procID: 1 ------ 
 ---- csv created - transferCase: A2B, procID: 0, 
 ------ Completed - transfercase: A2B, procID: 0 ------ 
 ---- csv created - transferCase: B2A, procID: 1, 
 ------ Completed - transfercase: B2A, procID: 1 ------ 
 ---- csv created - transferCase: B2A, procID: 0, 
 ------ Completed - transfercase: B2A, procID: 0 ------ 


 ======================== outterLoop - 8 ==========================
 - case of asymmetrictity 


 ======================== outterLoop - 8 ==========================
 - case of asymmetrictity 
 ---- csv created - transferCase: A2B, procID: 0, 
 ------ Completed - transfercase: A2B, procID: 0 ------ 
 ---- csv created - transferCase: A2B, procID: 1, 
 ------ Completed - transfercase: A2B, procID: 1 ------ 
 ---- csv created - transferCase: B2A, procID: 1, 
 ------ Completed - transfercase: B2A, procID: 1 ------ 
 ---- csv created - transferCase: B2A, procID: 0, 
 ------ Completed - transfercase: B2A, procID: 0 ------ 


 ======================== outterLoop - 9 ==========================
 - case of asymmetrictity 


 ======================== outterLoop - 9 ==========================
 - case of asymmetrictity 
 ---- csv created - transferCase: A2B, procID: 0, 
 ------ Completed - transfercase: A2B, procID: 0 ------ 
 ---- csv created - transferCase: A2B, procID: 1, 
 ------ Completed - transfercase: A2B, procID: 1 ------ 
 ---- csv created - transferCase: B2A, procID: 1, 
 ------ Completed - transfercase: B2A, procID: 1 ------ 
 ---- csv created - transferCase: B2A, procID: 0, 
 ------ Completed - transfercase: B2A, procID: 0 ------ 
============ Job Information ===================================================
Submitted: 2024-05-13T11:02:49
Started: 2024-05-13T12:04:10
Ended: 2024-05-13T15:17:00
Elapsed: 193 min, Limit: 210 min, Difference: 17 min
CPUs: 192, Nodes: 1
Estimated NPL: 44.9829
================================================================================
