Module for GCC (version 9.3.0) loaded.
Module for Open MPI (version 4.1.4) loaded.
[gcn1082:117410] *** An error occurred in MPI_Send
[gcn1082:117410] *** reported by process [3682992129,0]
[gcn1082:117410] *** on communicator MPI_COMM_WORLD
[gcn1082:117410] *** MPI_ERR_COUNT: invalid count argument
[gcn1082:117410] *** MPI_ERRORS_ARE_FATAL (processes in this communicator will now abort,
[gcn1082:117410] ***    and potentially your MPI job)
[gcn1082:114220] 1 more process has sent help message help-mpi-errors.txt / mpi_errors_are_fatal
[gcn1082:114220] Set MCA parameter "orte_base_help_aggregate" to 0 to see all help / error messages
[gcn1082:119882] *** An error occurred in MPI_Send
[gcn1082:119882] *** reported by process [2978349057,0]
[gcn1082:119882] *** on communicator MPI_COMM_WORLD
[gcn1082:119882] *** MPI_ERR_COUNT: invalid count argument
[gcn1082:119882] *** MPI_ERRORS_ARE_FATAL (processes in this communicator will now abort,
[gcn1082:119882] ***    and potentially your MPI job)
[gcn1082:119852] 1 more process has sent help message help-mpi-errors.txt / mpi_errors_are_fatal
[gcn1082:119852] Set MCA parameter "orte_base_help_aggregate" to 0 to see all help / error messages
[gcn1082:128940] *** An error occurred in MPI_Send
[gcn1082:128940] *** reported by process [2462187521,0]
[gcn1082:128940] *** on communicator MPI_COMM_WORLD
[gcn1082:128940] *** MPI_ERR_COUNT: invalid count argument
[gcn1082:128940] *** MPI_ERRORS_ARE_FATAL (processes in this communicator will now abort,
[gcn1082:128940] ***    and potentially your MPI job)
[gcn1082:128872] 1 more process has sent help message help-mpi-errors.txt / mpi_errors_are_fatal
[gcn1082:128872] Set MCA parameter "orte_base_help_aggregate" to 0 to see all help / error messages
