Module for GCC (version 9.3.0) loaded.
Module for Open MPI (version 4.1.4) loaded.
[gcn1389:171631] *** An error occurred in MPI_Send
[gcn1389:171631] *** reported by process [1658191873,0]
[gcn1389:171631] *** on communicator MPI_COMM_WORLD
[gcn1389:171631] *** MPI_ERR_COUNT: invalid count argument
[gcn1389:171631] *** MPI_ERRORS_ARE_FATAL (processes in this communicator will now abort,
[gcn1389:171631] ***    and potentially your MPI job)
[gcn1389:171610] 1 more process has sent help message help-mpi-errors.txt / mpi_errors_are_fatal
[gcn1389:171610] Set MCA parameter "orte_base_help_aggregate" to 0 to see all help / error messages
[gcn1389:172913] *** An error occurred in MPI_Send
[gcn1389:172913] *** reported by process [1608318977,0]
[gcn1389:172913] *** on communicator MPI_COMM_WORLD
[gcn1389:172913] *** MPI_ERR_COUNT: invalid count argument
[gcn1389:172913] *** MPI_ERRORS_ARE_FATAL (processes in this communicator will now abort,
[gcn1389:172913] ***    and potentially your MPI job)
[gcn1389:172881] 1 more process has sent help message help-mpi-errors.txt / mpi_errors_are_fatal
[gcn1389:172881] Set MCA parameter "orte_base_help_aggregate" to 0 to see all help / error messages
[gcn1389:177112] *** An error occurred in MPI_Send
[gcn1389:177112] *** reported by process [1329004545,0]
[gcn1389:177112] *** on communicator MPI_COMM_WORLD
[gcn1389:177112] *** MPI_ERR_COUNT: invalid count argument
[gcn1389:177112] *** MPI_ERRORS_ARE_FATAL (processes in this communicator will now abort,
[gcn1389:177112] ***    and potentially your MPI job)
[gcn1389:177083] 1 more process has sent help message help-mpi-errors.txt / mpi_errors_are_fatal
[gcn1389:177083] Set MCA parameter "orte_base_help_aggregate" to 0 to see all help / error messages
